# JRE version: OpenJDK Runtime Environment Temurin-21.0.7+6 (21.0.7+6) (build 21.0.7+6-LTS)
# Java VM: OpenJDK 64-Bit Server VM Temurin-21.0.7+6 (21.0.7+6-LTS, mixed mode, sharing, tiered, compressed oops, compressed class ptrs, parallel gc, linux-amd64)
GC Precious Log:
 CardTable entry size: 512
 CPUs: 12 total, 12 available
 Memory: 15382M
 Large Page Support: Disabled
 NUMA Support: Disabled
 Compressed Oops: Enabled (32-bit)
 Alignments: Space 512K, Generation 512K, Heap 2M
 Heap Min Capacity: 100M
 Heap Initial Capacity: 100M
 Heap Max Capacity: 1G
 Pre-touch: Disabled
 Parallel Workers: 10
Heap:
 PSYoungGen      total 1536K, used 1536K [0x00000000eab00000, 0x00000000eb280000, 0x0000000100000000)
  eden space 1024K, 100% used [0x00000000eab00000,0x00000000eac00000,0x00000000eac00000)
  from space 512K, 100% used [0x00000000eae80000,0x00000000eaf00000,0x00000000eaf00000)
  to   space 2560K, 0% used [0x00000000eac00000,0x00000000eac00000,0x00000000eae80000)
 ParOldGen       total 698880K, used 698765K [0x00000000c0000000, 0x00000000eaa80000, 0x00000000eab00000)
  object space 698880K, 99% used [0x00000000c0000000,0x00000000eaa63430,0x00000000eaa80000)
 Metaspace       used 62450K, committed 63808K, reserved 1114112K
  class space    used 6309K, committed 6912K, reserved 1048576K
GC Heap History (20 events):
Event: 4797.396 GC heap after
{Heap after GC invocations=444 (full 3):
 PSYoungGen      total 3584K, used 842K [0x00000000eab00000, 0x00000000eaf80000, 0x0000000100000000)
  eden space 2560K, 0% used [0x00000000eab00000,0x00000000eab00000,0x00000000ead80000)
  from space 1024K, 82% used [0x00000000ead80000,0x00000000eae52ac8,0x00000000eae80000)
  to   space 1024K, 0% used [0x00000000eae80000,0x00000000eae80000,0x00000000eaf80000)
 ParOldGen       total 695808K, used 695636K [0x00000000c0000000, 0x00000000ea780000, 0x00000000eab00000)
  object space 695808K, 99% used [0x00000000c0000000,0x00000000ea755370,0x00000000ea780000)
 Metaspace       used 61471K, committed 62848K, reserved 1114112K
  class space    used 6220K, committed 6848K, reserved 1048576K
}
Event: 4797.413 GC heap before
{Heap before GC invocations=445 (full 3):
 PSYoungGen      total 3584K, used 3402K [0x00000000eab00000, 0x00000000eaf80000, 0x0000000100000000)
  eden space 2560K, 100% used [0x00000000eab00000,0x00000000ead80000,0x00000000ead80000)
  from space 1024K, 82% used [0x00000000ead80000,0x00000000eae52ac8,0x00000000eae80000)
  to   space 1024K, 0% used [0x00000000eae80000,0x00000000eae80000,0x00000000eaf80000)
 ParOldGen       total 695808K, used 695636K [0x00000000c0000000, 0x00000000ea780000, 0x00000000eab00000)
  object space 695808K, 99% used [0x00000000c0000000,0x00000000ea755370,0x00000000ea780000)
 Metaspace       used 61498K, committed 62912K, reserved 1114112K
  class space    used 6221K, committed 6848K, reserved 1048576K
}
Event: 4797.416 GC heap after
{Heap after GC invocations=445 (full 3):
 PSYoungGen      total 3584K, used 768K [0x00000000eab00000, 0x00000000eaf80000, 0x0000000100000000)
  eden space 2560K, 0% used [0x00000000eab00000,0x00000000eab00000,0x00000000ead80000)
  from space 1024K, 75% used [0x00000000eae80000,0x00000000eaf40000,0x00000000eaf80000)
  to   space 1024K, 0% used [0x00000000ead80000,0x00000000ead80000,0x00000000eae80000)
 ParOldGen       total 696320K, used 696138K [0x00000000c0000000, 0x00000000ea800000, 0x00000000eab00000)
  object space 696320K, 99% used [0x00000000c0000000,0x00000000ea7d2938,0x00000000ea800000)
 Metaspace       used 61498K, committed 62912K, reserved 1114112K
  class space    used 6221K, committed 6848K, reserved 1048576K
}
Event: 4797.441 GC heap before
{Heap before GC invocations=446 (full 3):
 PSYoungGen      total 3584K, used 3238K [0x00000000eab00000, 0x00000000eaf80000, 0x0000000100000000)
  eden space 2560K, 96% used [0x00000000eab00000,0x00000000ead698a0,0x00000000ead80000)
  from space 1024K, 75% used [0x00000000eae80000,0x00000000eaf40000,0x00000000eaf80000)
  to   space 1024K, 0% used [0x00000000ead80000,0x00000000ead80000,0x00000000eae80000)
 ParOldGen       total 696320K, used 696138K [0x00000000c0000000, 0x00000000ea800000, 0x00000000eab00000)
  object space 696320K, 99% used [0x00000000c0000000,0x00000000ea7d2938,0x00000000ea800000)
 Metaspace       used 61898K, committed 63232K, reserved 1114112K
  class space    used 6260K, committed 6848K, reserved 1048576K
}
Event: 4797.443 GC heap after
{Heap after GC invocations=446 (full 3):
 PSYoungGen      total 3584K, used 416K [0x00000000eab00000, 0x00000000eaf80000, 0x0000000100000000)
  eden space 2560K, 0% used [0x00000000eab00000,0x00000000eab00000,0x00000000ead80000)
  from space 1024K, 40% used [0x00000000ead80000,0x00000000eade8000,0x00000000eae80000)
  to   space 1024K, 0% used [0x00000000eae80000,0x00000000eae80000,0x00000000eaf80000)
 ParOldGen       total 696832K, used 696769K [0x00000000c0000000, 0x00000000ea880000, 0x00000000eab00000)
  object space 696832K, 99% used [0x00000000c0000000,0x00000000ea870458,0x00000000ea880000)
 Metaspace       used 61898K, committed 63232K, reserved 1114112K
  class space    used 6260K, committed 6848K, reserved 1048576K
}
Event: 4797.462 GC heap before
{Heap before GC invocations=447 (full 3):
 PSYoungGen      total 3584K, used 2902K [0x00000000eab00000, 0x00000000eaf80000, 0x0000000100000000)
  eden space 2560K, 97% used [0x00000000eab00000,0x00000000ead6da28,0x00000000ead80000)
  from space 1024K, 40% used [0x00000000ead80000,0x00000000eade8000,0x00000000eae80000)
  to   space 1024K, 0% used [0x00000000eae80000,0x00000000eae80000,0x00000000eaf80000)
 ParOldGen       total 696832K, used 696769K [0x00000000c0000000, 0x00000000ea880000, 0x00000000eab00000)
  object space 696832K, 99% used [0x00000000c0000000,0x00000000ea870458,0x00000000ea880000)
 Metaspace       used 62151K, committed 63552K, reserved 1114112K
  class space    used 6285K, committed 6912K, reserved 1048576K
}
Event: 4797.466 GC heap after
{Heap after GC invocations=447 (full 3):
 PSYoungGen      total 3072K, used 256K [0x00000000eab00000, 0x00000000eaf00000, 0x0000000100000000)
  eden space 2560K, 0% used [0x00000000eab00000,0x00000000eab00000,0x00000000ead80000)
  from space 512K, 50% used [0x00000000eae80000,0x00000000eaec0000,0x00000000eaf00000)
  to   space 512K, 0% used [0x00000000eae00000,0x00000000eae00000,0x00000000eae80000)
 ParOldGen       total 697344K, used 696973K [0x00000000c0000000, 0x00000000ea900000, 0x00000000eab00000)
  object space 697344K, 99% used [0x00000000c0000000,0x00000000ea8a36d8,0x00000000ea900000)
 Metaspace       used 62151K, committed 63552K, reserved 1114112K
  class space    used 6285K, committed 6912K, reserved 1048576K
}
Event: 4797.471 GC heap before
{Heap before GC invocations=448 (full 3):
 PSYoungGen      total 3072K, used 2714K [0x00000000eab00000, 0x00000000eaf00000, 0x0000000100000000)
  eden space 2560K, 96% used [0x00000000eab00000,0x00000000ead66bd8,0x00000000ead80000)
  from space 512K, 50% used [0x00000000eae80000,0x00000000eaec0000,0x00000000eaf00000)
  to   space 512K, 0% used [0x00000000eae00000,0x00000000eae00000,0x00000000eae80000)
 ParOldGen       total 697344K, used 696973K [0x00000000c0000000, 0x00000000ea900000, 0x00000000eab00000)
  object space 697344K, 99% used [0x00000000c0000000,0x00000000ea8a36d8,0x00000000ea900000)
 Metaspace       used 62158K, committed 63552K, reserved 1114112K
  class space    used 6285K, committed 6912K, reserved 1048576K
}
Event: 4797.474 GC heap after
{Heap after GC invocations=448 (full 3):
 PSYoungGen      total 3072K, used 224K [0x00000000eab00000, 0x00000000eaf00000, 0x0000000100000000)
  eden space 2560K, 0% used [0x00000000eab00000,0x00000000eab00000,0x00000000ead80000)
  from space 512K, 43% used [0x00000000eae00000,0x00000000eae38000,0x00000000eae80000)
  to   space 512K, 0% used [0x00000000eae80000,0x00000000eae80000,0x00000000eaf00000)
 ParOldGen       total 697344K, used 697053K [0x00000000c0000000, 0x00000000ea900000, 0x00000000eab00000)
  object space 697344K, 99% used [0x00000000c0000000,0x00000000ea8b76d8,0x00000000ea900000)
 Metaspace       used 62158K, committed 63552K, reserved 1114112K
  class space    used 6285K, committed 6912K, reserved 1048576K
}
Event: 4797.483 GC heap before
{Heap before GC invocations=449 (full 3):
 PSYoungGen      total 3072K, used 2784K [0x00000000eab00000, 0x00000000eaf00000, 0x0000000100000000)
  eden space 2560K, 100% used [0x00000000eab00000,0x00000000ead80000,0x00000000ead80000)
  from space 512K, 43% used [0x00000000eae00000,0x00000000eae38000,0x00000000eae80000)
  to   space 512K, 0% used [0x00000000eae80000,0x00000000eae80000,0x00000000eaf00000)
 ParOldGen       total 697344K, used 697053K [0x00000000c0000000, 0x00000000ea900000, 0x00000000eab00000)
  object space 697344K, 99% used [0x00000000c0000000,0x00000000ea8b76d8,0x00000000ea900000)
 Metaspace       used 62202K, committed 63552K, reserved 1114112K
  class space    used 6292K, committed 6912K, reserved 1048576K
}
Event: 4797.486 GC heap after
{Heap after GC invocations=449 (full 3):
 PSYoungGen      total 3072K, used 224K [0x00000000eab00000, 0x00000000eaf00000, 0x0000000100000000)
  eden space 2560K, 0% used [0x00000000eab00000,0x00000000eab00000,0x00000000ead80000)
  from space 512K, 43% used [0x00000000eae80000,0x00000000eaeb8000,0x00000000eaf00000)
  to   space 512K, 0% used [0x00000000eae00000,0x00000000eae00000,0x00000000eae80000)
 ParOldGen       total 697344K, used 697101K [0x00000000c0000000, 0x00000000ea900000, 0x00000000eab00000)
  object space 697344K, 99% used [0x00000000c0000000,0x00000000ea8c36d8,0x00000000ea900000)
 Metaspace       used 62202K, committed 63552K, reserved 1114112K
  class space    used 6292K, committed 6912K, reserved 1048576K
}
Event: 4797.509 GC heap before
{Heap before GC invocations=450 (full 3):
 PSYoungGen      total 3072K, used 2784K [0x00000000eab00000, 0x00000000eaf00000, 0x0000000100000000)
  eden space 2560K, 100% used [0x00000000eab00000,0x00000000ead80000,0x00000000ead80000)
  from space 512K, 43% used [0x00000000eae80000,0x00000000eaeb8000,0x00000000eaf00000)
  to   space 512K, 0% used [0x00000000eae00000,0x00000000eae00000,0x00000000eae80000)
 ParOldGen       total 697344K, used 697101K [0x00000000c0000000, 0x00000000ea900000, 0x00000000eab00000)
  object space 697344K, 99% used [0x00000000c0000000,0x00000000ea8c36d8,0x00000000ea900000)
 Metaspace       used 62343K, committed 63680K, reserved 1114112K
  class space    used 6308K, committed 6912K, reserved 1048576K
}
Event: 4797.513 GC heap after
{Heap after GC invocations=450 (full 3):
 PSYoungGen      total 3072K, used 496K [0x00000000eab00000, 0x00000000eaf80000, 0x0000000100000000)
  eden space 2560K, 0% used [0x00000000eab00000,0x00000000eab00000,0x00000000ead80000)
  from space 512K, 96% used [0x00000000eae00000,0x00000000eae7c010,0x00000000eae80000)
  to   space 1024K, 0% used [0x00000000eae80000,0x00000000eae80000,0x00000000eaf80000)
 ParOldGen       total 697344K, used 697173K [0x00000000c0000000, 0x00000000ea900000, 0x00000000eab00000)
  object space 697344K, 99% used [0x00000000c0000000,0x00000000ea8d56d8,0x00000000ea900000)
 Metaspace       used 62343K, committed 63680K, reserved 1114112K
  class space    used 6308K, committed 6912K, reserved 1048576K
}
Event: 4797.539 GC heap before
{Heap before GC invocations=451 (full 3):
 PSYoungGen      total 3072K, used 3056K [0x00000000eab00000, 0x00000000eaf80000, 0x0000000100000000)
  eden space 2560K, 100% used [0x00000000eab00000,0x00000000ead80000,0x00000000ead80000)
  from space 512K, 96% used [0x00000000eae00000,0x00000000eae7c010,0x00000000eae80000)
  to   space 1024K, 0% used [0x00000000eae80000,0x00000000eae80000,0x00000000eaf80000)
 ParOldGen       total 697344K, used 697173K [0x00000000c0000000, 0x00000000ea900000, 0x00000000eab00000)
  object space 697344K, 99% used [0x00000000c0000000,0x00000000ea8d56d8,0x00000000ea900000)
 Metaspace       used 62376K, committed 63744K, reserved 1114112K
  class space    used 6309K, committed 6912K, reserved 1048576K
}
Event: 4797.540 GC heap after
{Heap after GC invocations=451 (full 3):
 PSYoungGen      total 3072K, used 400K [0x00000000eab00000, 0x00000000eaf00000, 0x0000000100000000)
  eden space 2560K, 0% used [0x00000000eab00000,0x00000000eab00000,0x00000000ead80000)
  from space 512K, 78% used [0x00000000eae80000,0x00000000eaee4010,0x00000000eaf00000)
  to   space 512K, 0% used [0x00000000eae00000,0x00000000eae00000,0x00000000eae80000)
 ParOldGen       total 697344K, used 697256K [0x00000000c0000000, 0x00000000ea900000, 0x00000000eab00000)
  object space 697344K, 99% used [0x00000000c0000000,0x00000000ea8ea2e0,0x00000000ea900000)
 Metaspace       used 62376K, committed 63744K, reserved 1114112K
  class space    used 6309K, committed 6912K, reserved 1048576K
}
Event: 4872.951 GC heap before
{Heap before GC invocations=452 (full 3):
 PSYoungGen      total 3072K, used 2960K [0x00000000eab00000, 0x00000000eaf00000, 0x0000000100000000)
  eden space 2560K, 100% used [0x00000000eab00000,0x00000000ead80000,0x00000000ead80000)
  from space 512K, 78% used [0x00000000eae80000,0x00000000eaee4010,0x00000000eaf00000)
  to   space 512K, 0% used [0x00000000eae00000,0x00000000eae00000,0x00000000eae80000)
 ParOldGen       total 697344K, used 697256K [0x00000000c0000000, 0x00000000ea900000, 0x00000000eab00000)
  object space 697344K, 99% used [0x00000000c0000000,0x00000000ea8ea2e0,0x00000000ea900000)
 Metaspace       used 62443K, committed 63808K, reserved 1114112K
  class space    used 6309K, committed 6912K, reserved 1048576K
}
Event: 4872.953 GC heap after
{Heap after GC invocations=452 (full 3):
 PSYoungGen      total 3072K, used 288K [0x00000000eab00000, 0x00000000eaf00000, 0x0000000100000000)
  eden space 2560K, 0% used [0x00000000eab00000,0x00000000eab00000,0x00000000ead80000)
  from space 512K, 56% used [0x00000000eae00000,0x00000000eae48000,0x00000000eae80000)
  to   space 512K, 0% used [0x00000000eae80000,0x00000000eae80000,0x00000000eaf00000)
 ParOldGen       total 697344K, used 697312K [0x00000000c0000000, 0x00000000ea900000, 0x00000000eab00000)
  object space 697344K, 99% used [0x00000000c0000000,0x00000000ea8f82e0,0x00000000ea900000)
 Metaspace       used 62443K, committed 63808K, reserved 1114112K
  class space    used 6309K, committed 6912K, reserved 1048576K
}
Event: 4872.959 GC heap before
{Heap before GC invocations=453 (full 3):
 PSYoungGen      total 3072K, used 2848K [0x00000000eab00000, 0x00000000eaf00000, 0x0000000100000000)
  eden space 2560K, 100% used [0x00000000eab00000,0x00000000ead80000,0x00000000ead80000)
  from space 512K, 56% used [0x00000000eae00000,0x00000000eae48000,0x00000000eae80000)
  to   space 512K, 0% used [0x00000000eae80000,0x00000000eae80000,0x00000000eaf00000)
 ParOldGen       total 697344K, used 697312K [0x00000000c0000000, 0x00000000ea900000, 0x00000000eab00000)
  object space 697344K, 99% used [0x00000000c0000000,0x00000000ea8f82e0,0x00000000ea900000)
 Metaspace       used 62450K, committed 63808K, reserved 1114112K
  class space    used 6309K, committed 6912K, reserved 1048576K
}
Event: 4872.962 GC heap after
{Heap after GC invocations=453 (full 3):
 PSYoungGen      total 1536K, used 512K [0x00000000eab00000, 0x00000000eb280000, 0x0000000100000000)
  eden space 1024K, 0% used [0x00000000eab00000,0x00000000eab00000,0x00000000eac00000)
  from space 512K, 100% used [0x00000000eae80000,0x00000000eaf00000,0x00000000eaf00000)
  to   space 2560K, 0% used [0x00000000eac00000,0x00000000eac00000,0x00000000eae80000)
 ParOldGen       total 698880K, used 698765K [0x00000000c0000000, 0x00000000eaa80000, 0x00000000eab00000)
  object space 698880K, 99% used [0x00000000c0000000,0x00000000eaa63430,0x00000000eaa80000)
 Metaspace       used 62450K, committed 63808K, reserved 1114112K
  class space    used 6309K, committed 6912K, reserved 1048576K
}
Event: 4872.963 GC heap before
{Heap before GC invocations=454 (full 4):
 PSYoungGen      total 1536K, used 1536K [0x00000000eab00000, 0x00000000eb280000, 0x0000000100000000)
  eden space 1024K, 100% used [0x00000000eab00000,0x00000000eac00000,0x00000000eac00000)
  from space 512K, 100% used [0x00000000eae80000,0x00000000eaf00000,0x00000000eaf00000)
  to   space 2560K, 0% used [0x00000000eac00000,0x00000000eac00000,0x00000000eae80000)
 ParOldGen       total 698880K, used 698765K [0x00000000c0000000, 0x00000000eaa80000, 0x00000000eab00000)
  object space 698880K, 99% used [0x00000000c0000000,0x00000000eaa63430,0x00000000eaa80000)
 Metaspace       used 62450K, committed 63808K, reserved 1114112K
  class space    used 6309K, committed 6912K, reserved 1048576K
}

